<?xml version="1.0" encoding="UTF-8"?>
<!-- Generated by org.testng.reporters.JUnitReportReporter -->
<testsuite skipped="0" hostname="Subhojit" name="com.qa.PageTest.TestBlogPage" tests="3" failures="0" timestamp="07 Apr 2020 00:59:52 GMT" time="283.505" errors="0">
  <testcase name="testReadBlogUrl" time="62.869" classname="com.qa.PageTest.TestBlogPage"/>
  <testcase name="testBlogButtonText" time="72.856" classname="com.qa.PageTest.TestBlogPage"/>
  <testcase name="testTitleText" time="147.780" classname="com.qa.PageTest.TestBlogPage"/>
</testsuite> <!-- com.qa.PageTest.TestBlogPage -->
