<?xml version="1.0" encoding="UTF-8"?>
<!-- Generated by org.testng.reporters.JUnitReportReporter -->
<testsuite skipped="0" hostname="Subhojit" name="com.qa.PageTest.TestBlogPage" tests="1" failures="0" timestamp="07 Apr 2020 00:16:28 GMT" time="0.028" errors="0">
  <testcase name="test01" time="0.028" classname="com.qa.PageTest.TestBlogPage"/>
</testsuite> <!-- com.qa.PageTest.TestBlogPage -->
